<?xml version="1.0" encoding="UTF-8"?>
<!-- Generated by org.testng.reporters.JUnitReportReporter -->
<testsuite skipped="0" hostname="DESKTOP-E38VFT2" name="ehospital.Billing_Module.TestScripts.MapServiceWithSchemeTestScripts" tests="8" failures="0" timestamp="2020-12-03T10:25:33 IST" time="49.009" errors="1">
  <testcase name="SchemeSubModuleisEnabledandClickable" time="6.431" classname="ehospital.Billing_Module.TestScripts.MapServiceWithSchemeTestScripts"/>
  <testcase name="MapServiceWithSchemelinkisEnabledandClickable" time="6.375" classname="ehospital.Billing_Module.TestScripts.MapServiceWithSchemeTestScripts"/>
  <testcase name="SchemeNameDropdownisEnabledandSelectValuefromtheDropdwon" time="2.335" classname="ehospital.Billing_Module.TestScripts.MapServiceWithSchemeTestScripts"/>
  <testcase name="ServiceCategoryDropdownisEnabledandSelectValuefromtheDropdwon" time="4.385" classname="ehospital.Billing_Module.TestScripts.MapServiceWithSchemeTestScripts"/>
  <testcase name="FirstServiceRateTextBoxisEnabledandEnterValidRate" time="6.097" classname="ehospital.Billing_Module.TestScripts.MapServiceWithSchemeTestScripts"/>
  <testcase name="PreauthorizationCheckboxisEnabledandClickable" time="4.270" classname="ehospital.Billing_Module.TestScripts.MapServiceWithSchemeTestScripts"/>
  <testcase name="SelectCheckboxisEnabledandClickable" time="4.303" classname="ehospital.Billing_Module.TestScripts.MapServiceWithSchemeTestScripts"/>
  <testcase name="MapServicebuttonisEnabledandClickable" time="14.813" classname="ehospital.Billing_Module.TestScripts.MapServiceWithSchemeTestScripts">
    <error type="java.lang.Exception" message="Mapped list is not Displayed">
      <![CDATA[java.lang.Exception: Mapped list is not Displayed
at ehospital.Billing_Module.TestScripts.MapServiceWithSchemeTestScripts.MapServicebuttonisEnabledandClickable(MapServiceWithSchemeTestScripts.java:197)
at sun.reflect.NativeMethodAccessorImpl.invoke0(Native Method)
at sun.reflect.NativeMethodAccessorImpl.invoke(Unknown Source)
at sun.reflect.DelegatingMethodAccessorImpl.invoke(Unknown Source)
at java.lang.reflect.Method.invoke(Unknown Source)
at org.testng.internal.MethodInvocationHelper.invokeMethod(MethodInvocationHelper.java:133)
at org.testng.internal.TestInvoker.invokeMethod(TestInvoker.java:584)
at org.testng.internal.TestInvoker.invokeTestMethod(TestInvoker.java:172)
at org.testng.internal.MethodRunner.runInSequence(MethodRunner.java:46)
at org.testng.internal.TestInvoker$MethodInvocationAgent.invoke(TestInvoker.java:804)
at org.testng.internal.TestInvoker.invokeTestMethods(TestInvoker.java:145)
at org.testng.internal.TestMethodWorker.invokeTestMethods(TestMethodWorker.java:146)
at org.testng.internal.TestMethodWorker.run(TestMethodWorker.java:128)
at java.util.ArrayList.forEach(Unknown Source)
at org.testng.TestRunner.privateRun(TestRunner.java:770)
at org.testng.TestRunner.run(TestRunner.java:591)
at org.testng.SuiteRunner.runTest(SuiteRunner.java:402)
at org.testng.SuiteRunner.runSequentially(SuiteRunner.java:396)
at org.testng.SuiteRunner.privateRun(SuiteRunner.java:355)
at org.testng.SuiteRunner.run(SuiteRunner.java:304)
at org.testng.SuiteRunnerWorker.runSuite(SuiteRunnerWorker.java:53)
at org.testng.SuiteRunnerWorker.run(SuiteRunnerWorker.java:96)
at org.testng.TestNG.runSuitesSequentially(TestNG.java:1180)
at org.testng.TestNG.runSuitesLocally(TestNG.java:1102)
at org.testng.TestNG.runSuites(TestNG.java:1032)
at org.testng.TestNG.run(TestNG.java:1000)
at org.testng.remote.AbstractRemoteTestNG.run(AbstractRemoteTestNG.java:115)
at org.testng.remote.RemoteTestNG.initAndRun(RemoteTestNG.java:251)
at org.testng.remote.RemoteTestNG.main(RemoteTestNG.java:77)
]]>
    </error>
  </testcase> <!-- MapServicebuttonisEnabledandClickable -->
</testsuite> <!-- ehospital.Billing_Module.TestScripts.MapServiceWithSchemeTestScripts -->
