<?xml version="1.0" encoding="UTF-8"?>
<!-- Generated by org.testng.reporters.JUnitReportReporter -->
<testsuite skipped="2" hostname="DESKTOP-E38VFT2" name="ehospital.Billing_Module.TestScripts.RefundReceiptTestScripts" tests="17" failures="0" timestamp="2020-12-03T10:25:33 IST" time="110.060" errors="3">
  <testcase name="BillingRefundRecepitisDispalyed" time="4.242" classname="ehospital.Billing_Module.TestScripts.RefundReceiptTestScripts"/>
  <testcase name="BillingRefundRecepitisEnabledandClickable" time="6.377" classname="ehospital.Billing_Module.TestScripts.RefundReceiptTestScripts"/>
  <testcase name="HeadofAccountDropdownisEnabledandSelectValue" time="4.115" classname="ehospital.Billing_Module.TestScripts.RefundReceiptTestScripts"/>
  <testcase name="UHIDRadiobuttonisEnabledandClickbale" time="2.283" classname="ehospital.Billing_Module.TestScripts.RefundReceiptTestScripts"/>
  <testcase name="CashbookDropdownisEnabledandSelectable" time="4.122" classname="ehospital.Billing_Module.TestScripts.RefundReceiptTestScripts"/>
  <testcase name="GetSearchresultbuttonofUHIDFilterisEnabledandClickable" time="4.091" classname="ehospital.Billing_Module.TestScripts.RefundReceiptTestScripts"/>
  <testcase name="clickonGetSearchResultbuttonwithvalidUHID" time="16.788" classname="ehospital.Billing_Module.TestScripts.RefundReceiptTestScripts"/>
  <testcase name="FirstCheckboxtoSelectServiceisEnabledandClickable" time="4.367" classname="ehospital.Billing_Module.TestScripts.RefundReceiptTestScripts"/>
  <testcase name="DisscountAmountTextBoxisEnabledandEnterAmount" time="2.069" classname="ehospital.Billing_Module.TestScripts.RefundReceiptTestScripts">
    <error type="java.lang.Exception" message="Disscount Amount Text Box Should not be Enabled">
      <![CDATA[java.lang.Exception: Disscount Amount Text Box Should not be Enabled
at ehospital.Billing_Module.TestScripts.RefundReceiptTestScripts.DisscountAmountTextBoxisEnabledandEnterAmount(RefundReceiptTestScripts.java:266)
at sun.reflect.NativeMethodAccessorImpl.invoke0(Native Method)
at sun.reflect.NativeMethodAccessorImpl.invoke(Unknown Source)
at sun.reflect.DelegatingMethodAccessorImpl.invoke(Unknown Source)
at java.lang.reflect.Method.invoke(Unknown Source)
at org.testng.internal.MethodInvocationHelper.invokeMethod(MethodInvocationHelper.java:133)
at org.testng.internal.TestInvoker.invokeMethod(TestInvoker.java:584)
at org.testng.internal.TestInvoker.invokeTestMethod(TestInvoker.java:172)
at org.testng.internal.MethodRunner.runInSequence(MethodRunner.java:46)
at org.testng.internal.TestInvoker$MethodInvocationAgent.invoke(TestInvoker.java:804)
at org.testng.internal.TestInvoker.invokeTestMethods(TestInvoker.java:145)
at org.testng.internal.TestMethodWorker.invokeTestMethods(TestMethodWorker.java:146)
at org.testng.internal.TestMethodWorker.run(TestMethodWorker.java:128)
at java.util.ArrayList.forEach(Unknown Source)
at org.testng.TestRunner.privateRun(TestRunner.java:770)
at org.testng.TestRunner.run(TestRunner.java:591)
at org.testng.SuiteRunner.runTest(SuiteRunner.java:402)
at org.testng.SuiteRunner.runSequentially(SuiteRunner.java:396)
at org.testng.SuiteRunner.privateRun(SuiteRunner.java:355)
at org.testng.SuiteRunner.run(SuiteRunner.java:304)
at org.testng.SuiteRunnerWorker.runSuite(SuiteRunnerWorker.java:53)
at org.testng.SuiteRunnerWorker.run(SuiteRunnerWorker.java:96)
at org.testng.TestNG.runSuitesSequentially(TestNG.java:1180)
at org.testng.TestNG.runSuitesLocally(TestNG.java:1102)
at org.testng.TestNG.runSuites(TestNG.java:1032)
at org.testng.TestNG.run(TestNG.java:1000)
at org.testng.remote.AbstractRemoteTestNG.run(AbstractRemoteTestNG.java:115)
at org.testng.remote.RemoteTestNG.initAndRun(RemoteTestNG.java:251)
at org.testng.remote.RemoteTestNG.main(RemoteTestNG.java:77)
]]>
    </error>
  </testcase> <!-- DisscountAmountTextBoxisEnabledandEnterAmount -->
  <testcase name="NetAmountTextBoxisEnabledandEnterAmount" time="2.071" classname="ehospital.Billing_Module.TestScripts.RefundReceiptTestScripts">
    <error type="java.lang.Exception" message="Net Amount Text Box Should not be Enabled">
      <![CDATA[java.lang.Exception: Net Amount Text Box Should not be Enabled
at ehospital.Billing_Module.TestScripts.RefundReceiptTestScripts.NetAmountTextBoxisEnabledandEnterAmount(RefundReceiptTestScripts.java:280)
at sun.reflect.NativeMethodAccessorImpl.invoke0(Native Method)
at sun.reflect.NativeMethodAccessorImpl.invoke(Unknown Source)
at sun.reflect.DelegatingMethodAccessorImpl.invoke(Unknown Source)
at java.lang.reflect.Method.invoke(Unknown Source)
at org.testng.internal.MethodInvocationHelper.invokeMethod(MethodInvocationHelper.java:133)
at org.testng.internal.TestInvoker.invokeMethod(TestInvoker.java:584)
at org.testng.internal.TestInvoker.invokeTestMethod(TestInvoker.java:172)
at org.testng.internal.MethodRunner.runInSequence(MethodRunner.java:46)
at org.testng.internal.TestInvoker$MethodInvocationAgent.invoke(TestInvoker.java:804)
at org.testng.internal.TestInvoker.invokeTestMethods(TestInvoker.java:145)
at org.testng.internal.TestMethodWorker.invokeTestMethods(TestMethodWorker.java:146)
at org.testng.internal.TestMethodWorker.run(TestMethodWorker.java:128)
at java.util.ArrayList.forEach(Unknown Source)
at org.testng.TestRunner.privateRun(TestRunner.java:770)
at org.testng.TestRunner.run(TestRunner.java:591)
at org.testng.SuiteRunner.runTest(SuiteRunner.java:402)
at org.testng.SuiteRunner.runSequentially(SuiteRunner.java:396)
at org.testng.SuiteRunner.privateRun(SuiteRunner.java:355)
at org.testng.SuiteRunner.run(SuiteRunner.java:304)
at org.testng.SuiteRunnerWorker.runSuite(SuiteRunnerWorker.java:53)
at org.testng.SuiteRunnerWorker.run(SuiteRunnerWorker.java:96)
at org.testng.TestNG.runSuitesSequentially(TestNG.java:1180)
at org.testng.TestNG.runSuitesLocally(TestNG.java:1102)
at org.testng.TestNG.runSuites(TestNG.java:1032)
at org.testng.TestNG.run(TestNG.java:1000)
at org.testng.remote.AbstractRemoteTestNG.run(AbstractRemoteTestNG.java:115)
at org.testng.remote.RemoteTestNG.initAndRun(RemoteTestNG.java:251)
at org.testng.remote.RemoteTestNG.main(RemoteTestNG.java:77)
]]>
    </error>
  </testcase> <!-- NetAmountTextBoxisEnabledandEnterAmount -->
  <testcase name="TotalRefundAmountTextBoxisEnabledandEnterAmount" time="2.062" classname="ehospital.Billing_Module.TestScripts.RefundReceiptTestScripts">
    <error type="java.lang.Exception" message="Total Refund Amount Text Box Should not be Enabled">
      <![CDATA[java.lang.Exception: Total Refund Amount Text Box Should not be Enabled
at ehospital.Billing_Module.TestScripts.RefundReceiptTestScripts.TotalRefundAmountTextBoxisEnabledandEnterAmount(RefundReceiptTestScripts.java:294)
at sun.reflect.NativeMethodAccessorImpl.invoke0(Native Method)
at sun.reflect.NativeMethodAccessorImpl.invoke(Unknown Source)
at sun.reflect.DelegatingMethodAccessorImpl.invoke(Unknown Source)
at java.lang.reflect.Method.invoke(Unknown Source)
at org.testng.internal.MethodInvocationHelper.invokeMethod(MethodInvocationHelper.java:133)
at org.testng.internal.TestInvoker.invokeMethod(TestInvoker.java:584)
at org.testng.internal.TestInvoker.invokeTestMethod(TestInvoker.java:172)
at org.testng.internal.MethodRunner.runInSequence(MethodRunner.java:46)
at org.testng.internal.TestInvoker$MethodInvocationAgent.invoke(TestInvoker.java:804)
at org.testng.internal.TestInvoker.invokeTestMethods(TestInvoker.java:145)
at org.testng.internal.TestMethodWorker.invokeTestMethods(TestMethodWorker.java:146)
at org.testng.internal.TestMethodWorker.run(TestMethodWorker.java:128)
at java.util.ArrayList.forEach(Unknown Source)
at org.testng.TestRunner.privateRun(TestRunner.java:770)
at org.testng.TestRunner.run(TestRunner.java:591)
at org.testng.SuiteRunner.runTest(SuiteRunner.java:402)
at org.testng.SuiteRunner.runSequentially(SuiteRunner.java:396)
at org.testng.SuiteRunner.privateRun(SuiteRunner.java:355)
at org.testng.SuiteRunner.run(SuiteRunner.java:304)
at org.testng.SuiteRunnerWorker.runSuite(SuiteRunnerWorker.java:53)
at org.testng.SuiteRunnerWorker.run(SuiteRunnerWorker.java:96)
at org.testng.TestNG.runSuitesSequentially(TestNG.java:1180)
at org.testng.TestNG.runSuitesLocally(TestNG.java:1102)
at org.testng.TestNG.runSuites(TestNG.java:1032)
at org.testng.TestNG.run(TestNG.java:1000)
at org.testng.remote.AbstractRemoteTestNG.run(AbstractRemoteTestNG.java:115)
at org.testng.remote.RemoteTestNG.initAndRun(RemoteTestNG.java:251)
at org.testng.remote.RemoteTestNG.main(RemoteTestNG.java:77)
]]>
    </error>
  </testcase> <!-- TotalRefundAmountTextBoxisEnabledandEnterAmount -->
  <testcase name="RemarksTextBoxisEnabledandEnterRemarks" time="4.335" classname="ehospital.Billing_Module.TestScripts.RefundReceiptTestScripts"/>
  <testcase name="RefundBillButtonisEnabledandClickable" time="27.725" classname="ehospital.Billing_Module.TestScripts.RefundReceiptTestScripts"/>
  <testcase name="RecepitNoRadiobuttonisEnabledandSelectable" time="4.306" classname="ehospital.Billing_Module.TestScripts.RefundReceiptTestScripts"/>
  <testcase name="ClickonSerchbuttonWithvalidRecepitNo" time="21.107" classname="ehospital.Billing_Module.TestScripts.RefundReceiptTestScripts"/>
  <testcase name="RefundAmountTextBoxisEnabledandEntervalidAmount" classname="ehospital.Billing_Module.TestScripts.RefundReceiptTestScripts">
    <skipped/>
  </testcase> <!-- RefundAmountTextBoxisEnabledandEntervalidAmount -->
  <testcase name="RefundAmountTextBoxisEnabledandEnterInvalidAmount" classname="ehospital.Billing_Module.TestScripts.RefundReceiptTestScripts">
    <skipped/>
  </testcase> <!-- RefundAmountTextBoxisEnabledandEnterInvalidAmount -->
</testsuite> <!-- ehospital.Billing_Module.TestScripts.RefundReceiptTestScripts -->
