<?xml version="1.0" encoding="UTF-8"?>
<!-- Generated by org.testng.reporters.JUnitReportReporter -->
<testsuite skipped="0" hostname="DESKTOP-E38VFT2" name="ehospital.Billing_Module.TestScripts.BillSettlementTestScripts" tests="44" failures="0" timestamp="2020-12-03T10:25:33 IST" time="284.445" errors="4">
  <testcase name="BillSettlementlinkisDispalyed" time="4.277" classname="ehospital.Billing_Module.TestScripts.BillSettlementTestScripts"/>
  <testcase name="BillSettlementlinkisEnabled" time="6.370" classname="ehospital.Billing_Module.TestScripts.BillSettlementTestScripts"/>
  <testcase name="UHIDTextBoxisEnabledandEnterValidID" time="12.723" classname="ehospital.Billing_Module.TestScripts.BillSettlementTestScripts"/>
  <testcase name="AdmissionChargeCheckBoxisEnabledandSelectable" time="2.306" classname="ehospital.Billing_Module.TestScripts.BillSettlementTestScripts"/>
  <testcase name="ServiceDropdownUnderAdmissionChargePopUpisEnabledandSelectValue" time="4.346" classname="ehospital.Billing_Module.TestScripts.BillSettlementTestScripts"/>
  <testcase name="AddbuttonofAdmissionChargePopUpisEnabledandClickable" time="10.163" classname="ehospital.Billing_Module.TestScripts.BillSettlementTestScripts"/>
  <testcase name="RoomRentEntryCheckboxisEnabledandSelectable" time="2.324" classname="ehospital.Billing_Module.TestScripts.BillSettlementTestScripts"/>
  <testcase name="ServiceDropdownofRoomRentEntryPopUpisEnabledandSelectValue" time="4.351" classname="ehospital.Billing_Module.TestScripts.BillSettlementTestScripts"/>
  <testcase name="AddButtonofRoomRentEntryPopUpisEnabledandClickable" time="8.146" classname="ehospital.Billing_Module.TestScripts.BillSettlementTestScripts"/>
  <testcase name="DietChargeEntryCheckBoxisEnabledandSelectable" time="2.350" classname="ehospital.Billing_Module.TestScripts.BillSettlementTestScripts"/>
  <testcase name="ServiceDropdownoffDietChargeEntryPopupisEnabledandSelectValue" time="4.369" classname="ehospital.Billing_Module.TestScripts.BillSettlementTestScripts"/>
  <testcase name="AddbuttonoffDietChargeEntryPopupisEnabledandClickable" time="10.164" classname="ehospital.Billing_Module.TestScripts.BillSettlementTestScripts"/>
  <testcase name="BillingServiceEntryCheckboxisEnabledandSelectable" time="2.348" classname="ehospital.Billing_Module.TestScripts.BillSettlementTestScripts"/>
  <testcase name="SelectCheckbocofBillingServiceEntryPopUpisEnabledandSelectable" time="2.278" classname="ehospital.Billing_Module.TestScripts.BillSettlementTestScripts"/>
  <testcase name="CategoryDropdownofBillingServiceEntryPopUpisEnabledandSelectValue" time="4.349" classname="ehospital.Billing_Module.TestScripts.BillSettlementTestScripts"/>
  <testcase name="ServiceDropdownofBillingServiceEntryPopUpisEnabledandSelectValue" time="4.359" classname="ehospital.Billing_Module.TestScripts.BillSettlementTestScripts"/>
  <testcase name="QuantityTextBoxofBillingServiceEntryPopUpisEnabledandEnterValidQuantity" time="4.117" classname="ehospital.Billing_Module.TestScripts.BillSettlementTestScripts"/>
  <testcase name="RateTextBoxofBillingServiceEntryPopUpisEnabledandEnterValidRate" time="4.099" classname="ehospital.Billing_Module.TestScripts.BillSettlementTestScripts">
    <error type="java.lang.Exception" message="Rate Text Box should not be Editable">
      <![CDATA[java.lang.Exception: Rate Text Box should not be Editable
at ehospital.Billing_Module.TestScripts.BillSettlementTestScripts.RateTextBoxofBillingServiceEntryPopUpisEnabledandEnterValidRate(BillSettlementTestScripts.java:518)
at sun.reflect.NativeMethodAccessorImpl.invoke0(Native Method)
at sun.reflect.NativeMethodAccessorImpl.invoke(Unknown Source)
at sun.reflect.DelegatingMethodAccessorImpl.invoke(Unknown Source)
at java.lang.reflect.Method.invoke(Unknown Source)
at org.testng.internal.MethodInvocationHelper.invokeMethod(MethodInvocationHelper.java:133)
at org.testng.internal.TestInvoker.invokeMethod(TestInvoker.java:584)
at org.testng.internal.TestInvoker.invokeTestMethod(TestInvoker.java:172)
at org.testng.internal.MethodRunner.runInSequence(MethodRunner.java:46)
at org.testng.internal.TestInvoker$MethodInvocationAgent.invoke(TestInvoker.java:804)
at org.testng.internal.TestInvoker.invokeTestMethods(TestInvoker.java:145)
at org.testng.internal.TestMethodWorker.invokeTestMethods(TestMethodWorker.java:146)
at org.testng.internal.TestMethodWorker.run(TestMethodWorker.java:128)
at java.util.ArrayList.forEach(Unknown Source)
at org.testng.TestRunner.privateRun(TestRunner.java:770)
at org.testng.TestRunner.run(TestRunner.java:591)
at org.testng.SuiteRunner.runTest(SuiteRunner.java:402)
at org.testng.SuiteRunner.runSequentially(SuiteRunner.java:396)
at org.testng.SuiteRunner.privateRun(SuiteRunner.java:355)
at org.testng.SuiteRunner.run(SuiteRunner.java:304)
at org.testng.SuiteRunnerWorker.runSuite(SuiteRunnerWorker.java:53)
at org.testng.SuiteRunnerWorker.run(SuiteRunnerWorker.java:96)
at org.testng.TestNG.runSuitesSequentially(TestNG.java:1180)
at org.testng.TestNG.runSuitesLocally(TestNG.java:1102)
at org.testng.TestNG.runSuites(TestNG.java:1032)
at org.testng.TestNG.run(TestNG.java:1000)
at org.testng.remote.AbstractRemoteTestNG.run(AbstractRemoteTestNG.java:115)
at org.testng.remote.RemoteTestNG.initAndRun(RemoteTestNG.java:251)
at org.testng.remote.RemoteTestNG.main(RemoteTestNG.java:77)
]]>
    </error>
  </testcase> <!-- RateTextBoxofBillingServiceEntryPopUpisEnabledandEnterValidRate -->
  <testcase name="AddButtonofBillingServiceEntryPopUpisEnabledandClickable" time="8.143" classname="ehospital.Billing_Module.TestScripts.BillSettlementTestScripts"/>
  <testcase name="OtherServiceEntryCheckboxisEnabledandSelectable" time="2.377" classname="ehospital.Billing_Module.TestScripts.BillSettlementTestScripts"/>
  <testcase name="SelectCheckboxofOtherServiceEntryPopUpisEnabledandSelectable" time="2.285" classname="ehospital.Billing_Module.TestScripts.BillSettlementTestScripts"/>
  <testcase name="CategorytextBoxofOtherServiceEntryPopUpisEnabledandEnterValidCategory" time="4.125" classname="ehospital.Billing_Module.TestScripts.BillSettlementTestScripts"/>
  <testcase name="ServicetextBoxofOtherServiceEntryPopUpisEnabledandEnterValidService" time="4.104" classname="ehospital.Billing_Module.TestScripts.BillSettlementTestScripts"/>
  <testcase name="QuantitytextBoxofOtherServiceEntryPopUpandEnterValidService" time="4.096" classname="ehospital.Billing_Module.TestScripts.BillSettlementTestScripts"/>
  <testcase name="RatetextBoxofOtherServiceEntryPopUpIsEnabledandEnterValidService" time="4.115" classname="ehospital.Billing_Module.TestScripts.BillSettlementTestScripts"/>
  <testcase name="AddbuttonofOtherServiceEntryPopUpisEnabledandClickable" time="8.142" classname="ehospital.Billing_Module.TestScripts.BillSettlementTestScripts"/>
  <testcase name="TestDoneorNotDropdownisEnabledandSelectValue" time="6.375" classname="ehospital.Billing_Module.TestScripts.BillSettlementTestScripts"/>
  <testcase name="CheckboxofRecommendedTestDetailsisEnabledandSelectable" time="6.782" classname="ehospital.Billing_Module.TestScripts.BillSettlementTestScripts"/>
  <testcase name="ConcessionCalculatorImgbuttonisEnabledandClickable" time="6.408" classname="ehospital.Billing_Module.TestScripts.BillSettlementTestScripts"/>
  <testcase name="DisscountTypeDropdownofConcessionCalculatorPopUpisEnabledandSelectValue" time="4.152" classname="ehospital.Billing_Module.TestScripts.BillSettlementTestScripts"/>
  <testcase name="DisscountAmountTextboxofConcessionCalculatorPopUpisEnabledandEnterValidAmount" time="4.097" classname="ehospital.Billing_Module.TestScripts.BillSettlementTestScripts"/>
  <testcase name="NetDisscountTextboxofConcessionCalculatorPopUpisEnabledandEnterInValidAmount" time="4.097" classname="ehospital.Billing_Module.TestScripts.BillSettlementTestScripts">
    <error type="java.lang.Exception" message="Net Disscount Text Box should not be editable.">
      <![CDATA[java.lang.Exception: Net Disscount Text Box should not be editable.
at ehospital.Billing_Module.TestScripts.BillSettlementTestScripts.NetDisscountTextboxofConcessionCalculatorPopUpisEnabledandEnterInValidAmount(BillSettlementTestScripts.java:816)
at sun.reflect.NativeMethodAccessorImpl.invoke0(Native Method)
at sun.reflect.NativeMethodAccessorImpl.invoke(Unknown Source)
at sun.reflect.DelegatingMethodAccessorImpl.invoke(Unknown Source)
at java.lang.reflect.Method.invoke(Unknown Source)
at org.testng.internal.MethodInvocationHelper.invokeMethod(MethodInvocationHelper.java:133)
at org.testng.internal.TestInvoker.invokeMethod(TestInvoker.java:584)
at org.testng.internal.TestInvoker.invokeTestMethod(TestInvoker.java:172)
at org.testng.internal.MethodRunner.runInSequence(MethodRunner.java:46)
at org.testng.internal.TestInvoker$MethodInvocationAgent.invoke(TestInvoker.java:804)
at org.testng.internal.TestInvoker.invokeTestMethods(TestInvoker.java:145)
at org.testng.internal.TestMethodWorker.invokeTestMethods(TestMethodWorker.java:146)
at org.testng.internal.TestMethodWorker.run(TestMethodWorker.java:128)
at java.util.ArrayList.forEach(Unknown Source)
at org.testng.TestRunner.privateRun(TestRunner.java:770)
at org.testng.TestRunner.run(TestRunner.java:591)
at org.testng.SuiteRunner.runTest(SuiteRunner.java:402)
at org.testng.SuiteRunner.runSequentially(SuiteRunner.java:396)
at org.testng.SuiteRunner.privateRun(SuiteRunner.java:355)
at org.testng.SuiteRunner.run(SuiteRunner.java:304)
at org.testng.SuiteRunnerWorker.runSuite(SuiteRunnerWorker.java:53)
at org.testng.SuiteRunnerWorker.run(SuiteRunnerWorker.java:96)
at org.testng.TestNG.runSuitesSequentially(TestNG.java:1180)
at org.testng.TestNG.runSuitesLocally(TestNG.java:1102)
at org.testng.TestNG.runSuites(TestNG.java:1032)
at org.testng.TestNG.run(TestNG.java:1000)
at org.testng.remote.AbstractRemoteTestNG.run(AbstractRemoteTestNG.java:115)
at org.testng.remote.RemoteTestNG.initAndRun(RemoteTestNG.java:251)
at org.testng.remote.RemoteTestNG.main(RemoteTestNG.java:77)
]]>
    </error>
  </testcase> <!-- NetDisscountTextboxofConcessionCalculatorPopUpisEnabledandEnterInValidAmount -->
  <testcase name="NetDisscountTextboxofConcessionCalculatorPopUpisEnabledandEnterValidAmount" time="12.491" classname="ehospital.Billing_Module.TestScripts.BillSettlementTestScripts"/>
  <testcase name="TotalAmountTextBoxofConcessionCalculatorPopUpisEnabled" time="2.027" classname="ehospital.Billing_Module.TestScripts.BillSettlementTestScripts">
    <error type="java.lang.Exception" message="Total Amount Text Box in Concession Calculator Should Not be Editable">
      <![CDATA[java.lang.Exception: Total Amount Text Box in Concession Calculator Should Not be Editable
at ehospital.Billing_Module.TestScripts.BillSettlementTestScripts.TotalAmountTextBoxofConcessionCalculatorPopUpisEnabled(BillSettlementTestScripts.java:839)
at sun.reflect.NativeMethodAccessorImpl.invoke0(Native Method)
at sun.reflect.NativeMethodAccessorImpl.invoke(Unknown Source)
at sun.reflect.DelegatingMethodAccessorImpl.invoke(Unknown Source)
at java.lang.reflect.Method.invoke(Unknown Source)
at org.testng.internal.MethodInvocationHelper.invokeMethod(MethodInvocationHelper.java:133)
at org.testng.internal.TestInvoker.invokeMethod(TestInvoker.java:584)
at org.testng.internal.TestInvoker.invokeTestMethod(TestInvoker.java:172)
at org.testng.internal.MethodRunner.runInSequence(MethodRunner.java:46)
at org.testng.internal.TestInvoker$MethodInvocationAgent.invoke(TestInvoker.java:804)
at org.testng.internal.TestInvoker.invokeTestMethods(TestInvoker.java:145)
at org.testng.internal.TestMethodWorker.invokeTestMethods(TestMethodWorker.java:146)
at org.testng.internal.TestMethodWorker.run(TestMethodWorker.java:128)
at java.util.ArrayList.forEach(Unknown Source)
at org.testng.TestRunner.privateRun(TestRunner.java:770)
at org.testng.TestRunner.run(TestRunner.java:591)
at org.testng.SuiteRunner.runTest(SuiteRunner.java:402)
at org.testng.SuiteRunner.runSequentially(SuiteRunner.java:396)
at org.testng.SuiteRunner.privateRun(SuiteRunner.java:355)
at org.testng.SuiteRunner.run(SuiteRunner.java:304)
at org.testng.SuiteRunnerWorker.runSuite(SuiteRunnerWorker.java:53)
at org.testng.SuiteRunnerWorker.run(SuiteRunnerWorker.java:96)
at org.testng.TestNG.runSuitesSequentially(TestNG.java:1180)
at org.testng.TestNG.runSuitesLocally(TestNG.java:1102)
at org.testng.TestNG.runSuites(TestNG.java:1032)
at org.testng.TestNG.run(TestNG.java:1000)
at org.testng.remote.AbstractRemoteTestNG.run(AbstractRemoteTestNG.java:115)
at org.testng.remote.RemoteTestNG.initAndRun(RemoteTestNG.java:251)
at org.testng.remote.RemoteTestNG.main(RemoteTestNG.java:77)
]]>
    </error>
  </testcase> <!-- TotalAmountTextBoxofConcessionCalculatorPopUpisEnabled -->
  <testcase name="DiscountAmountTextBoxofConcessionCalculatorPopUpisEnabled" time="2.021" classname="ehospital.Billing_Module.TestScripts.BillSettlementTestScripts">
    <error type="java.lang.Exception" message="Disscount Amount Text Box in Concession Calculator Should Not be Editable">
      <![CDATA[java.lang.Exception: Disscount Amount Text Box in Concession Calculator Should Not be Editable
at ehospital.Billing_Module.TestScripts.BillSettlementTestScripts.DiscountAmountTextBoxofConcessionCalculatorPopUpisEnabled(BillSettlementTestScripts.java:851)
at sun.reflect.NativeMethodAccessorImpl.invoke0(Native Method)
at sun.reflect.NativeMethodAccessorImpl.invoke(Unknown Source)
at sun.reflect.DelegatingMethodAccessorImpl.invoke(Unknown Source)
at java.lang.reflect.Method.invoke(Unknown Source)
at org.testng.internal.MethodInvocationHelper.invokeMethod(MethodInvocationHelper.java:133)
at org.testng.internal.TestInvoker.invokeMethod(TestInvoker.java:584)
at org.testng.internal.TestInvoker.invokeTestMethod(TestInvoker.java:172)
at org.testng.internal.MethodRunner.runInSequence(MethodRunner.java:46)
at org.testng.internal.TestInvoker$MethodInvocationAgent.invoke(TestInvoker.java:804)
at org.testng.internal.TestInvoker.invokeTestMethods(TestInvoker.java:145)
at org.testng.internal.TestMethodWorker.invokeTestMethods(TestMethodWorker.java:146)
at org.testng.internal.TestMethodWorker.run(TestMethodWorker.java:128)
at java.util.ArrayList.forEach(Unknown Source)
at org.testng.TestRunner.privateRun(TestRunner.java:770)
at org.testng.TestRunner.run(TestRunner.java:591)
at org.testng.SuiteRunner.runTest(SuiteRunner.java:402)
at org.testng.SuiteRunner.runSequentially(SuiteRunner.java:396)
at org.testng.SuiteRunner.privateRun(SuiteRunner.java:355)
at org.testng.SuiteRunner.run(SuiteRunner.java:304)
at org.testng.SuiteRunnerWorker.runSuite(SuiteRunnerWorker.java:53)
at org.testng.SuiteRunnerWorker.run(SuiteRunnerWorker.java:96)
at org.testng.TestNG.runSuitesSequentially(TestNG.java:1180)
at org.testng.TestNG.runSuitesLocally(TestNG.java:1102)
at org.testng.TestNG.runSuites(TestNG.java:1032)
at org.testng.TestNG.run(TestNG.java:1000)
at org.testng.remote.AbstractRemoteTestNG.run(AbstractRemoteTestNG.java:115)
at org.testng.remote.RemoteTestNG.initAndRun(RemoteTestNG.java:251)
at org.testng.remote.RemoteTestNG.main(RemoteTestNG.java:77)
]]>
    </error>
  </testcase> <!-- DiscountAmountTextBoxofConcessionCalculatorPopUpisEnabled -->
  <testcase name="CalculateConcessionbuttonofConcessionCalculatorPopUpisEnabledandClickable" time="4.278" classname="ehospital.Billing_Module.TestScripts.BillSettlementTestScripts"/>
  <testcase name="NextButtonisEnabledandClickable" time="10.203" classname="ehospital.Billing_Module.TestScripts.BillSettlementTestScripts"/>
  <testcase name="RemarksTextAreaisEnabledandEnterRemarks" time="4.099" classname="ehospital.Billing_Module.TestScripts.BillSettlementTestScripts"/>
  <testcase name="SettleBillWithoutDischargeButtonisEnabledandClickable" time="8.310" classname="ehospital.Billing_Module.TestScripts.BillSettlementTestScripts"/>
  <testcase name="GoForApprovallinkisEnabledandClickable" time="2.166" classname="ehospital.Billing_Module.TestScripts.BillSettlementTestScripts"/>
  <testcase name="DateRadiobuttonisEnabledandSelectable" time="6.867" classname="ehospital.Billing_Module.TestScripts.BillSettlementTestScripts"/>
  <testcase name="SelectbuttonisEnabledandClickable" time="10.817" classname="ehospital.Billing_Module.TestScripts.BillSettlementTestScripts"/>
  <testcase name="GeneratebuttonisEnabledandClickable" time="25.465" classname="ehospital.Billing_Module.TestScripts.BillSettlementTestScripts"/>
  <testcase name="SettleBillWithDischargebuttonisEnabledandClickable" time="32.964" classname="ehospital.Billing_Module.TestScripts.BillSettlementTestScripts"/>
</testsuite> <!-- ehospital.Billing_Module.TestScripts.BillSettlementTestScripts -->
