<?xml version="1.0" encoding="UTF-8"?>
<!-- Generated by org.testng.reporters.JUnitReportReporter -->
<testsuite skipped="0" hostname="DESKTOP-E38VFT2" name="ehospital.Billing_Module.TestScripts.CreatepatientaccountTestScripts" tests="14" failures="0" timestamp="2020-12-03T10:25:33 IST" time="172.229" errors="2">
  <testcase name="CreatepatientaccountLinkisDisplayed" time="4.193" classname="ehospital.Billing_Module.TestScripts.CreatepatientaccountTestScripts"/>
  <testcase name="CreatepatientaccountLinkisEnabledandClickable" time="6.386" classname="ehospital.Billing_Module.TestScripts.CreatepatientaccountTestScripts"/>
  <testcase name="IDDropdownisEnabledandSelectValue" time="4.123" classname="ehospital.Billing_Module.TestScripts.CreatepatientaccountTestScripts"/>
  <testcase name="IDTextboxisEnabledandEnterValidID" time="12.359" classname="ehospital.Billing_Module.TestScripts.CreatepatientaccountTestScripts"/>
  <testcase name="PatientTypeDropdownisEnabled" time="0.017" classname="ehospital.Billing_Module.TestScripts.CreatepatientaccountTestScripts"/>
  <testcase name="BillingTypeDropdownisEnabled" time="0.015" classname="ehospital.Billing_Module.TestScripts.CreatepatientaccountTestScripts"/>
  <testcase name="SchemeNamedropdownisEnabledandSelectValue" time="4.364" classname="ehospital.Billing_Module.TestScripts.CreatepatientaccountTestScripts"/>
  <testcase name="AmountLimitTextBoxisEnabledandChangetheAmount" time="8.123" classname="ehospital.Billing_Module.TestScripts.CreatepatientaccountTestScripts">
    <error type="java.lang.Exception" message="Amount Limit Text Box should not editable">
      <![CDATA[java.lang.Exception: Amount Limit Text Box should not editable
at ehospital.Billing_Module.TestScripts.CreatepatientaccountTestScripts.AmountLimitTextBoxisEnabledandChangetheAmount(CreatepatientaccountTestScripts.java:184)
at sun.reflect.NativeMethodAccessorImpl.invoke0(Native Method)
at sun.reflect.NativeMethodAccessorImpl.invoke(Unknown Source)
at sun.reflect.DelegatingMethodAccessorImpl.invoke(Unknown Source)
at java.lang.reflect.Method.invoke(Unknown Source)
at org.testng.internal.MethodInvocationHelper.invokeMethod(MethodInvocationHelper.java:133)
at org.testng.internal.TestInvoker.invokeMethod(TestInvoker.java:584)
at org.testng.internal.TestInvoker.invokeTestMethod(TestInvoker.java:172)
at org.testng.internal.MethodRunner.runInSequence(MethodRunner.java:46)
at org.testng.internal.TestInvoker$MethodInvocationAgent.invoke(TestInvoker.java:804)
at org.testng.internal.TestInvoker.invokeTestMethods(TestInvoker.java:145)
at org.testng.internal.TestMethodWorker.invokeTestMethods(TestMethodWorker.java:146)
at org.testng.internal.TestMethodWorker.run(TestMethodWorker.java:128)
at java.util.ArrayList.forEach(Unknown Source)
at org.testng.TestRunner.privateRun(TestRunner.java:770)
at org.testng.TestRunner.run(TestRunner.java:591)
at org.testng.SuiteRunner.runTest(SuiteRunner.java:402)
at org.testng.SuiteRunner.runSequentially(SuiteRunner.java:396)
at org.testng.SuiteRunner.privateRun(SuiteRunner.java:355)
at org.testng.SuiteRunner.run(SuiteRunner.java:304)
at org.testng.SuiteRunnerWorker.runSuite(SuiteRunnerWorker.java:53)
at org.testng.SuiteRunnerWorker.run(SuiteRunnerWorker.java:96)
at org.testng.TestNG.runSuitesSequentially(TestNG.java:1180)
at org.testng.TestNG.runSuitesLocally(TestNG.java:1102)
at org.testng.TestNG.runSuites(TestNG.java:1032)
at org.testng.TestNG.run(TestNG.java:1000)
at org.testng.remote.AbstractRemoteTestNG.run(AbstractRemoteTestNG.java:115)
at org.testng.remote.RemoteTestNG.initAndRun(RemoteTestNG.java:251)
at org.testng.remote.RemoteTestNG.main(RemoteTestNG.java:77)
]]>
    </error>
  </testcase> <!-- AmountLimitTextBoxisEnabledandChangetheAmount -->
  <testcase name="AccountNumberTextBoxisEnabledandEnterAccountNumber" time="21.135" classname="ehospital.Billing_Module.TestScripts.CreatepatientaccountTestScripts"/>
  <testcase name="AccountDetailsTextBoxisEnabledandEnterDetail" time="16.269" classname="ehospital.Billing_Module.TestScripts.CreatepatientaccountTestScripts"/>
  <testcase name="BlockimgbuttonisDisplayedandClickable" time="29.031" classname="ehospital.Billing_Module.TestScripts.CreatepatientaccountTestScripts"/>
  <testcase name="UnblocklinkisEnabledandClickable" time="12.161" classname="ehospital.Billing_Module.TestScripts.CreatepatientaccountTestScripts"/>
  <testcase name="DeletebuttonisEnabledandClickable" time="12.141" classname="ehospital.Billing_Module.TestScripts.CreatepatientaccountTestScripts"/>
  <testcase name="TryingtocreatePatientAccountforTransGenderPatirnt" time="41.912" classname="ehospital.Billing_Module.TestScripts.CreatepatientaccountTestScripts">
    <error type="java.lang.Exception" message="Unable to create the account for TransGender Patient">
      <![CDATA[java.lang.Exception: Unable to create the account for TransGender Patient
at ehospital.Billing_Module.TestScripts.CreatepatientaccountTestScripts.TryingtocreatePatientAccountforTransGenderPatirnt(CreatepatientaccountTestScripts.java:304)
at sun.reflect.NativeMethodAccessorImpl.invoke0(Native Method)
at sun.reflect.NativeMethodAccessorImpl.invoke(Unknown Source)
at sun.reflect.DelegatingMethodAccessorImpl.invoke(Unknown Source)
at java.lang.reflect.Method.invoke(Unknown Source)
at org.testng.internal.MethodInvocationHelper.invokeMethod(MethodInvocationHelper.java:133)
at org.testng.internal.TestInvoker.invokeMethod(TestInvoker.java:584)
at org.testng.internal.TestInvoker.invokeTestMethod(TestInvoker.java:172)
at org.testng.internal.MethodRunner.runInSequence(MethodRunner.java:46)
at org.testng.internal.TestInvoker$MethodInvocationAgent.invoke(TestInvoker.java:804)
at org.testng.internal.TestInvoker.invokeTestMethods(TestInvoker.java:145)
at org.testng.internal.TestMethodWorker.invokeTestMethods(TestMethodWorker.java:146)
at org.testng.internal.TestMethodWorker.run(TestMethodWorker.java:128)
at java.util.ArrayList.forEach(Unknown Source)
at org.testng.TestRunner.privateRun(TestRunner.java:770)
at org.testng.TestRunner.run(TestRunner.java:591)
at org.testng.SuiteRunner.runTest(SuiteRunner.java:402)
at org.testng.SuiteRunner.runSequentially(SuiteRunner.java:396)
at org.testng.SuiteRunner.privateRun(SuiteRunner.java:355)
at org.testng.SuiteRunner.run(SuiteRunner.java:304)
at org.testng.SuiteRunnerWorker.runSuite(SuiteRunnerWorker.java:53)
at org.testng.SuiteRunnerWorker.run(SuiteRunnerWorker.java:96)
at org.testng.TestNG.runSuitesSequentially(TestNG.java:1180)
at org.testng.TestNG.runSuitesLocally(TestNG.java:1102)
at org.testng.TestNG.runSuites(TestNG.java:1032)
at org.testng.TestNG.run(TestNG.java:1000)
at org.testng.remote.AbstractRemoteTestNG.run(AbstractRemoteTestNG.java:115)
at org.testng.remote.RemoteTestNG.initAndRun(RemoteTestNG.java:251)
at org.testng.remote.RemoteTestNG.main(RemoteTestNG.java:77)
]]>
    </error>
  </testcase> <!-- TryingtocreatePatientAccountforTransGenderPatirnt -->
</testsuite> <!-- ehospital.Billing_Module.TestScripts.CreatepatientaccountTestScripts -->
