<?xml version="1.0" encoding="UTF-8"?>
<!-- Generated by org.testng.reporters.JUnitXMLReporter -->
<testsuite hostname="DESKTOP-E38VFT2" ignored="21" name="Registration Fee Cancellation Test" tests="9" failures="1" timestamp="2020-12-03T10:10:52 IST" time="109.374" errors="0">
  <testcase name="RegistrationFeeCancellationlinkisDispalyed" time="4.225" classname="ehospital.Billing_Module.TestScripts.RegistrationFeeCancellationTestScripts"/>
  <testcase name="RegistrationFeeCancellationlinkisEnabledandClickable" time="4.367" classname="ehospital.Billing_Module.TestScripts.RegistrationFeeCancellationTestScripts"/>
  <testcase name="UHIDcheckBoxisEnabledandSelectable" time="4.35" classname="ehospital.Billing_Module.TestScripts.RegistrationFeeCancellationTestScripts"/>
  <testcase name="UHIDTextBoxisEnabledandEnterValidID" time="6.256" classname="ehospital.Billing_Module.TestScripts.RegistrationFeeCancellationTestScripts"/>
  <testcase name="SelectbuttonisEnabledandClickable" time="7.711" classname="ehospital.Billing_Module.TestScripts.RegistrationFeeCancellationTestScripts"/>
  <testcase name="CancelRegistrationFeebuttonisEnabledandClickable" time="4.106" classname="ehospital.Billing_Module.TestScripts.RegistrationFeeCancellationTestScripts"/>
  <testcase name="RemarksTextAreaisEnabledandEnterText" time="4.111" classname="ehospital.Billing_Module.TestScripts.RegistrationFeeCancellationTestScripts"/>
  <testcase name="RegistrationFeeTextboxisEnabledandEnterValidFee" time="51.88" classname="ehospital.Billing_Module.TestScripts.RegistrationFeeCancellationTestScripts"/>
  <testcase name="ReSearchbuttonisEnabledandClickable" time="22.157" classname="ehospital.Billing_Module.TestScripts.RegistrationFeeCancellationTestScripts">
    <failure type="org.openqa.selenium.NoSuchElementException" message="Unable to locate element: //*[@id=&amp;apos;other_div&amp;apos;]
For documentation on this error, please visit: https://www.seleniumhq.org/exceptions/no_such_element.html
Build info: version: &amp;apos;3.141.59&amp;apos;, revision: &amp;apos;e82be7d358&amp;apos;, time: &amp;apos;2018-11-14T08:17:03&amp;apos;
System info: host: &amp;apos;DESKTOP-E38VFT2&amp;apos;, ip: &amp;apos;192.168.75.1&amp;apos;, os.name: &amp;apos;Windows 10&amp;apos;, os.arch: &amp;apos;amd64&amp;apos;, os.version: &amp;apos;10.0&amp;apos;, java.version: &amp;apos;1.8.0_151&amp;apos;
Driver info: org.openqa.selenium.firefox.FirefoxDriver
Capabilities {acceptInsecureCerts: true, browserName: firefox, browserVersion: 84.0, javascriptEnabled: true, moz:accessibilityChecks: false, moz:buildID: 20201201213706, moz:geckodriverVersion: 0.27.0, moz:headless: false, moz:processID: 1204, moz:profile: C:\Users\nicsi\AppData\Loca..., moz:shutdownTimeout: 60000, moz:useNonSpecCompliantPointerOrigin: false, moz:webdriverClick: true, pageLoadStrategy: normal, platform: WINDOWS, platformName: WINDOWS, platformVersion: 10.0, rotatable: false, setWindowRect: true, strictFileInteractability: false, timeouts: {implicit: 0, pageLoad: 300000, script: 30000}, unhandledPromptBehavior: dismiss and notify}
Session ID: 4e03be95-292b-420c-94da-cab5ae4db6b0
*** Element info: {Using=xpath, value=//*[@id=&amp;apos;other_div&amp;apos;]}">
      <![CDATA[org.openqa.selenium.NoSuchElementException: Unable to locate element: //*[@id='other_div']
For documentation on this error, please visit: https://www.seleniumhq.org/exceptions/no_such_element.html
Build info: version: '3.141.59', revision: 'e82be7d358', time: '2018-11-14T08:17:03'
System info: host: 'DESKTOP-E38VFT2', ip: '192.168.75.1', os.name: 'Windows 10', os.arch: 'amd64', os.version: '10.0', java.version: '1.8.0_151'
Driver info: org.openqa.selenium.firefox.FirefoxDriver
Capabilities {acceptInsecureCerts: true, browserName: firefox, browserVersion: 84.0, javascriptEnabled: true, moz:accessibilityChecks: false, moz:buildID: 20201201213706, moz:geckodriverVersion: 0.27.0, moz:headless: false, moz:processID: 1204, moz:profile: C:\Users\nicsi\AppData\Loca..., moz:shutdownTimeout: 60000, moz:useNonSpecCompliantPointerOrigin: false, moz:webdriverClick: true, pageLoadStrategy: normal, platform: WINDOWS, platformName: WINDOWS, platformVersion: 10.0, rotatable: false, setWindowRect: true, strictFileInteractability: false, timeouts: {implicit: 0, pageLoad: 300000, script: 30000}, unhandledPromptBehavior: dismiss and notify}
Session ID: 4e03be95-292b-420c-94da-cab5ae4db6b0
*** Element info: {Using=xpath, value=//*[@id='other_div']}
at org.openqa.selenium.remote.http.W3CHttpResponseCodec.createException(W3CHttpResponseCodec.java:187)
at org.openqa.selenium.remote.http.W3CHttpResponseCodec.decode(W3CHttpResponseCodec.java:122)
at org.openqa.selenium.remote.http.W3CHttpResponseCodec.decode(W3CHttpResponseCodec.java:49)
at org.openqa.selenium.remote.HttpCommandExecutor.execute(HttpCommandExecutor.java:158)
at org.openqa.selenium.remote.service.DriverCommandExecutor.execute(DriverCommandExecutor.java:83)
at org.openqa.selenium.remote.RemoteWebDriver.execute(RemoteWebDriver.java:552)
at org.openqa.selenium.remote.RemoteWebDriver.findElement(RemoteWebDriver.java:323)
at org.openqa.selenium.remote.RemoteWebDriver.findElementByXPath(RemoteWebDriver.java:428)
at org.openqa.selenium.By$ByXPath.findElement(By.java:353)
at org.openqa.selenium.remote.RemoteWebDriver.findElement(RemoteWebDriver.java:315)
at org.openqa.selenium.support.pagefactory.DefaultElementLocator.findElement(DefaultElementLocator.java:69)
at org.openqa.selenium.support.pagefactory.internal.LocatingElementHandler.invoke(LocatingElementHandler.java:38)
at com.sun.proxy.$Proxy9.isEnabled(Unknown Source)
at ehospital.Billing_Module.helper.RegistrationFeeCancellationHelper.ValidateSearchFilterContainerBoxisEnabled(RegistrationFeeCancellationHelper.java:55)
at ehospital.Billing_Module.TestScripts.RegistrationFeeCancellationTestScripts.ReSearchbuttonisEnabledandClickable(RegistrationFeeCancellationTestScripts.java:396)
at java.util.ArrayList.forEach(Unknown Source)
... Removed 31 stack frames]]>
    </failure>
  </testcase> <!-- ReSearchbuttonisEnabledandClickable -->
  <testcase name="ContactNumberCheckboxisEnabledandSelectable" time="0.0" classname="ehospital.Billing_Module.TestScripts.RegistrationFeeCancellationTestScripts">
    <ignored/>
  </testcase> <!-- ContactNumberCheckboxisEnabledandSelectable -->
  <testcase name="AnyPartofNameTextBoxisEnabledandEnterValidName" time="0.0" classname="ehospital.Billing_Module.TestScripts.RegistrationFeeCancellationTestScripts">
    <ignored/>
  </testcase> <!-- AnyPartofNameTextBoxisEnabledandEnterValidName -->
  <testcase name="ClinicCheckboxisEnabledandSelectable" time="0.0" classname="ehospital.Billing_Module.TestScripts.RegistrationFeeCancellationTestScripts">
    <ignored/>
  </testcase> <!-- ClinicCheckboxisEnabledandSelectable -->
  <testcase name="CheckMobileNumberMaxLenth" time="0.0" classname="ehospital.Billing_Module.TestScripts.RegistrationFeeCancellationTestScripts">
    <ignored/>
  </testcase> <!-- CheckMobileNumberMaxLenth -->
  <testcase name="ClinicCheckboxisSelected" time="0.0" classname="ehospital.Billing_Module.TestScripts.RegistrationFeeCancellationTestScripts">
    <ignored/>
  </testcase> <!-- ClinicCheckboxisSelected -->
  <testcase name="UHIDcheckBoxisSelected" time="0.0" classname="ehospital.Billing_Module.TestScripts.RegistrationFeeCancellationTestScripts">
    <ignored/>
  </testcase> <!-- UHIDcheckBoxisSelected -->
  <testcase name="RegistrationFeeTextboxisEnabledandEnterInvalidFee" time="0.0" classname="ehospital.Billing_Module.TestScripts.RegistrationFeeCancellationTestScripts">
    <ignored/>
  </testcase> <!-- RegistrationFeeTextboxisEnabledandEnterInvalidFee -->
  <testcase name="ClickonResultbuttonafterEnterInvalidMobileNumber" time="0.0" classname="ehospital.Billing_Module.TestScripts.RegistrationFeeCancellationTestScripts">
    <ignored/>
  </testcase> <!-- ClickonResultbuttonafterEnterInvalidMobileNumber -->
  <testcase name="ContactNumberCheckboxisSelected" time="0.0" classname="ehospital.Billing_Module.TestScripts.RegistrationFeeCancellationTestScripts">
    <ignored/>
  </testcase> <!-- ContactNumberCheckboxisSelected -->
  <testcase name="RangeofVisitDateCheckboxisSelected" time="0.0" classname="ehospital.Billing_Module.TestScripts.RegistrationFeeCancellationTestScripts">
    <ignored/>
  </testcase> <!-- RangeofVisitDateCheckboxisSelected -->
  <testcase name="AnyPartofNameCheckBoxisEnabledandSelectable" time="0.0" classname="ehospital.Billing_Module.TestScripts.RegistrationFeeCancellationTestScripts">
    <ignored/>
  </testcase> <!-- AnyPartofNameCheckBoxisEnabledandSelectable -->
  <testcase name="SearchResultExpandbuttonisEnabledandClickable" time="0.0" classname="ehospital.Billing_Module.TestScripts.RegistrationFeeCancellationTestScripts">
    <ignored/>
  </testcase> <!-- SearchResultExpandbuttonisEnabledandClickable -->
  <testcase name="UHIDTextBoxisEnabledandEnterInvalidID" time="0.0" classname="ehospital.Billing_Module.TestScripts.RegistrationFeeCancellationTestScripts">
    <ignored/>
  </testcase> <!-- UHIDTextBoxisEnabledandEnterInvalidID -->
  <testcase name="AnyPartofNameCheckBoxisSelected" time="0.0" classname="ehospital.Billing_Module.TestScripts.RegistrationFeeCancellationTestScripts">
    <ignored/>
  </testcase> <!-- AnyPartofNameCheckBoxisSelected -->
  <testcase name="SearchCriterionexpandimageButtonisDisplayedandClickable" time="0.0" classname="ehospital.Billing_Module.TestScripts.RegistrationFeeCancellationTestScripts">
    <ignored/>
  </testcase> <!-- SearchCriterionexpandimageButtonisDisplayedandClickable -->
  <testcase name="RangeofVisitDateCheckboxisEnabledandSelectable" time="0.0" classname="ehospital.Billing_Module.TestScripts.RegistrationFeeCancellationTestScripts">
    <ignored/>
  </testcase> <!-- RangeofVisitDateCheckboxisEnabledandSelectable -->
  <testcase name="GetResultbuttonisEnabledandClickable" time="0.0" classname="ehospital.Billing_Module.TestScripts.RegistrationFeeCancellationTestScripts">
    <ignored/>
  </testcase> <!-- GetResultbuttonisEnabledandClickable -->
  <testcase name="MobileNumberTextBoxisEnabledandEnterNumber" time="0.0" classname="ehospital.Billing_Module.TestScripts.RegistrationFeeCancellationTestScripts">
    <ignored/>
  </testcase> <!-- MobileNumberTextBoxisEnabledandEnterNumber -->
  <testcase name="dateCalenderbuttonisEnabledandClickable" time="0.0" classname="ehospital.Billing_Module.TestScripts.RegistrationFeeCancellationTestScripts">
    <ignored/>
  </testcase> <!-- dateCalenderbuttonisEnabledandClickable -->
  <testcase name="AnyPartofNameTextBoxisEnabledandEnterInvalidName" time="0.0" classname="ehospital.Billing_Module.TestScripts.RegistrationFeeCancellationTestScripts">
    <ignored/>
  </testcase> <!-- AnyPartofNameTextBoxisEnabledandEnterInvalidName -->
  <testcase name="ClickonResultbuttonafterEnterValidMobileNumber" time="0.0" classname="ehospital.Billing_Module.TestScripts.RegistrationFeeCancellationTestScripts">
    <ignored/>
  </testcase> <!-- ClickonResultbuttonafterEnterValidMobileNumber -->
</testsuite> <!-- Registration Fee Cancellation Test -->
