<?xml version="1.0" encoding="UTF-8"?>
<!-- Generated by org.testng.reporters.JUnitXMLReporter -->
<testsuite hostname="Vishal-Tiwari" ignored="7" name="Covid" tests="2" failures="1" timestamp="23 Sep 2020 14:02:32 GMT" time="86.409" errors="0">
  <testcase name="dologinforcovidReg" time="17.445" classname="ehospital.Covid_Module.TestScripts.Covid19_RegistrationTestScripts"/>
  <testcase name="NotifyDischarge" time="35.537" classname="ehospital.Covid_Module.TestScripts.CovidDischargeTestScript">
    <failure type="org.openqa.selenium.NoSuchElementException" message="Unable to locate element: #btnDischarge
For documentation on this error, please visit: https://www.seleniumhq.org/exceptions/no_such_element.html
Build info: version: &amp;apos;3.141.59&amp;apos;, revision: &amp;apos;e82be7d358&amp;apos;, time: &amp;apos;2018-11-14T08:17:03&amp;apos;
System info: host: &amp;apos;VISHAL-TIWARI&amp;apos;, ip: &amp;apos;192.168.146.1&amp;apos;, os.name: &amp;apos;Windows 10&amp;apos;, os.arch: &amp;apos;amd64&amp;apos;, os.version: &amp;apos;10.0&amp;apos;, java.version: &amp;apos;1.8.0_121&amp;apos;
Driver info: org.openqa.selenium.firefox.FirefoxDriver
Capabilities {acceptInsecureCerts: true, browserName: firefox, browserVersion: 80.0.1, javascriptEnabled: true, moz:accessibilityChecks: false, moz:buildID: 20200831163820, moz:geckodriverVersion: 0.27.0, moz:headless: false, moz:processID: 17644, moz:profile: C:\Users\Acer\AppData\Local..., moz:shutdownTimeout: 60000, moz:useNonSpecCompliantPointerOrigin: false, moz:webdriverClick: true, pageLoadStrategy: normal, platform: WINDOWS, platformName: WINDOWS, platformVersion: 10.0, rotatable: false, setWindowRect: true, strictFileInteractability: false, timeouts: {implicit: 0, pageLoad: 300000, script: 30000}, unhandledPromptBehavior: dismiss and notify}
Session ID: 9f0cebf5-2c81-4af6-a1ea-385c1941cd57
*** Element info: {Using=id, value=btnDischarge}">
      <![CDATA[org.openqa.selenium.NoSuchElementException: Unable to locate element: #btnDischarge
For documentation on this error, please visit: https://www.seleniumhq.org/exceptions/no_such_element.html
Build info: version: '3.141.59', revision: 'e82be7d358', time: '2018-11-14T08:17:03'
System info: host: 'VISHAL-TIWARI', ip: '192.168.146.1', os.name: 'Windows 10', os.arch: 'amd64', os.version: '10.0', java.version: '1.8.0_121'
Driver info: org.openqa.selenium.firefox.FirefoxDriver
Capabilities {acceptInsecureCerts: true, browserName: firefox, browserVersion: 80.0.1, javascriptEnabled: true, moz:accessibilityChecks: false, moz:buildID: 20200831163820, moz:geckodriverVersion: 0.27.0, moz:headless: false, moz:processID: 17644, moz:profile: C:\Users\Acer\AppData\Local..., moz:shutdownTimeout: 60000, moz:useNonSpecCompliantPointerOrigin: false, moz:webdriverClick: true, pageLoadStrategy: normal, platform: WINDOWS, platformName: WINDOWS, platformVersion: 10.0, rotatable: false, setWindowRect: true, strictFileInteractability: false, timeouts: {implicit: 0, pageLoad: 300000, script: 30000}, unhandledPromptBehavior: dismiss and notify}
Session ID: 9f0cebf5-2c81-4af6-a1ea-385c1941cd57
*** Element info: {Using=id, value=btnDischarge}
at org.openqa.selenium.remote.http.W3CHttpResponseCodec.createException(W3CHttpResponseCodec.java:187)
at org.openqa.selenium.remote.http.W3CHttpResponseCodec.decode(W3CHttpResponseCodec.java:122)
at org.openqa.selenium.remote.http.W3CHttpResponseCodec.decode(W3CHttpResponseCodec.java:49)
at org.openqa.selenium.remote.HttpCommandExecutor.execute(HttpCommandExecutor.java:158)
at org.openqa.selenium.remote.service.DriverCommandExecutor.execute(DriverCommandExecutor.java:83)
at org.openqa.selenium.remote.RemoteWebDriver.execute(RemoteWebDriver.java:552)
at org.openqa.selenium.remote.RemoteWebDriver.findElement(RemoteWebDriver.java:323)
at org.openqa.selenium.remote.RemoteWebDriver.findElementById(RemoteWebDriver.java:372)
at org.openqa.selenium.By$ById.findElement(By.java:188)
at org.openqa.selenium.remote.RemoteWebDriver.findElement(RemoteWebDriver.java:315)
at org.openqa.selenium.support.pagefactory.DefaultElementLocator.findElement(DefaultElementLocator.java:69)
at org.openqa.selenium.support.pagefactory.internal.LocatingElementHandler.invoke(LocatingElementHandler.java:38)
at com.sun.proxy.$Proxy10.getWrappedElement(Unknown Source)
at org.openqa.selenium.remote.internal.WebElementToJsonConverter.apply(WebElementToJsonConverter.java:50)
at java.util.stream.ReferencePipeline$3$1.accept(Unknown Source)
at java.util.Spliterators$ArraySpliterator.forEachRemaining(Unknown Source)
at java.util.stream.AbstractPipeline.copyInto(Unknown Source)
at java.util.stream.AbstractPipeline.wrapAndCopyInto(Unknown Source)
at java.util.stream.ReduceOps$ReduceOp.evaluateSequential(Unknown Source)
at java.util.stream.AbstractPipeline.evaluate(Unknown Source)
at java.util.stream.ReferencePipeline.collect(Unknown Source)
at org.openqa.selenium.remote.RemoteWebDriver.executeScript(RemoteWebDriver.java:484)
at in.nic.ehospial.generic.BaseClass.scrollIntoViewByJS(BaseClass.java:166)
at ehospital.Covid_Module.helper.CovidDischargehelper.NotifyDischarge(CovidDischargehelper.java:46)
at ehospital.Covid_Module.TestScripts.CovidDischargeTestScript.NotifyDischarge(CovidDischargeTestScript.java:32)
... Removed 29 stack frames]]>
    </failure>
  </testcase> <!-- NotifyDischarge -->
  <testcase name="VerifyDischarge" time="0.0" classname="ehospital.Covid_Module.TestScripts.CovidDischargeTestScript">
    <ignored/>
  </testcase> <!-- VerifyDischarge -->
  <testcase name="CovidRegistrationviaMobileNo" time="0.0" classname="ehospital.Covid_Module.TestScripts.Covid19_RegistrationTestScripts">
    <ignored/>
  </testcase> <!-- CovidRegistrationviaMobileNo -->
  <testcase name="@BeforeTest preCondition" time="0.0" classname="in.nic.ehospial.generic.BaseClass">
    <ignored/>
  </testcase> <!-- @BeforeTest preCondition -->
  <testcase name="@AfterTest postCondition" time="0.0" classname="in.nic.ehospial.generic.BaseClass">
    <ignored/>
  </testcase> <!-- @AfterTest postCondition -->
  <testcase name="CovidRegistrationviaSRF_Lab_ID" time="0.0" classname="ehospital.Covid_Module.TestScripts.Covid19_RegistrationTestScripts">
    <ignored/>
  </testcase> <!-- CovidRegistrationviaSRF_Lab_ID -->
  <testcase name="CovidRegistrationviaICMRNo" time="0.0" classname="ehospital.Covid_Module.TestScripts.Covid19_RegistrationTestScripts">
    <ignored/>
  </testcase> <!-- CovidRegistrationviaICMRNo -->
  <testcase name="Covid" time="0.0" classname="ehospital.Covid_Module.TestScripts.Covid19_RegistrationTestScripts">
    <ignored/>
  </testcase> <!-- Covid -->
</testsuite> <!-- Covid -->
