<?xml version="1.0" encoding="UTF-8"?>
<!-- Generated by org.testng.reporters.JUnitXMLReporter -->
<testsuite ignored="0" hostname="PankajVijh" failures="1" tests="1" name="browserLaunchAndGenericTest" time="38.572" errors="0" timestamp="2023-10-07T12:42:25 IST">
  <testcase classname="com.qa.testcases.PlaceOrderTest" name="fetchReportSmc" time="38.497">
    <failure type="org.openqa.selenium.NoSuchElementException" message="Unable to locate element: /html/body/app-root/app-dashbaord/div/div[2]/div/app-commercial-cibil/div/div/p-card/div/div/div[2]/form/div[1]/div[1]/input
For documentation on this error, please visit: https://www.selenium.dev/documentation/webdriver/troubleshooting/errors#no-such-element-exception
Build info: version: &amp;apos;4.11.0&amp;apos;, revision: &amp;apos;040bc5406b&amp;apos;
System info: os.name: &amp;apos;Windows 8.1&amp;apos;, os.arch: &amp;apos;amd64&amp;apos;, os.version: &amp;apos;6.3&amp;apos;, java.version: &amp;apos;17.0.7&amp;apos;
Driver info: org.openqa.selenium.firefox.FirefoxDriver
Command: [f500bef1-3379-41c7-84c1-dc5f0a6b9ea4, findElement {using=xpath, value=/html/body/app-root/app-dashbaord/div/div[2]/div/app-commercial-cibil/div/div/p-card/div/div/div[2]/form/div[1]/div[1]/input}]
Capabilities {acceptInsecureCerts: true, browserName: firefox, browserVersion: 115.3.1, moz:accessibilityChecks: false, moz:buildID: 20230927234915, moz:debuggerAddress: 127.0.0.1:31085, moz:geckodriverVersion: 0.33.0, moz:headless: false, moz:platformVersion: 6.3, moz:processID: 8184, moz:profile: C:\Users\Sonali\AppData\Loc..., moz:shutdownTimeout: 60000, moz:useNonSpecCompliantPointerOrigin: false, moz:webdriverClick: true, moz:windowless: false, pageLoadStrategy: normal, platformName: windows, proxy: Proxy(), se:cdp: ws://127.0.0.1:31085/devtoo..., se:cdpVersion: 85.0, setWindowRect: true, strictFileInteractability: false, timeouts: {implicit: 0, pageLoad: 300000, script: 30000}, unhandledPromptBehavior: dismiss and notify}
Session ID: f500bef1-3379-41c7-84c1-dc5f0a6b9ea4">
      <![CDATA[org.openqa.selenium.NoSuchElementException: Unable to locate element: /html/body/app-root/app-dashbaord/div/div[2]/div/app-commercial-cibil/div/div/p-card/div/div/div[2]/form/div[1]/div[1]/input
For documentation on this error, please visit: https://www.selenium.dev/documentation/webdriver/troubleshooting/errors#no-such-element-exception
Build info: version: '4.11.0', revision: '040bc5406b'
System info: os.name: 'Windows 8.1', os.arch: 'amd64', os.version: '6.3', java.version: '17.0.7'
Driver info: org.openqa.selenium.firefox.FirefoxDriver
Command: [f500bef1-3379-41c7-84c1-dc5f0a6b9ea4, findElement {using=xpath, value=/html/body/app-root/app-dashbaord/div/div[2]/div/app-commercial-cibil/div/div/p-card/div/div/div[2]/form/div[1]/div[1]/input}]
Capabilities {acceptInsecureCerts: true, browserName: firefox, browserVersion: 115.3.1, moz:accessibilityChecks: false, moz:buildID: 20230927234915, moz:debuggerAddress: 127.0.0.1:31085, moz:geckodriverVersion: 0.33.0, moz:headless: false, moz:platformVersion: 6.3, moz:processID: 8184, moz:profile: C:\Users\Sonali\AppData\Loc..., moz:shutdownTimeout: 60000, moz:useNonSpecCompliantPointerOrigin: false, moz:webdriverClick: true, moz:windowless: false, pageLoadStrategy: normal, platformName: windows, proxy: Proxy(), se:cdp: ws://127.0.0.1:31085/devtoo..., se:cdpVersion: 85.0, setWindowRect: true, strictFileInteractability: false, timeouts: {implicit: 0, pageLoad: 300000, script: 30000}, unhandledPromptBehavior: dismiss and notify}
Session ID: f500bef1-3379-41c7-84c1-dc5f0a6b9ea4
at org.openqa.selenium.remote.codec.w3c.W3CHttpResponseCodec.createException(W3CHttpResponseCodec.java:200)
at org.openqa.selenium.remote.codec.w3c.W3CHttpResponseCodec.decode(W3CHttpResponseCodec.java:133)
at org.openqa.selenium.remote.codec.w3c.W3CHttpResponseCodec.decode(W3CHttpResponseCodec.java:52)
at org.openqa.selenium.remote.HttpCommandExecutor.execute(HttpCommandExecutor.java:191)
at org.openqa.selenium.remote.service.DriverCommandExecutor.invokeExecute(DriverCommandExecutor.java:196)
at org.openqa.selenium.remote.service.DriverCommandExecutor.execute(DriverCommandExecutor.java:171)
at org.openqa.selenium.remote.RemoteWebDriver.execute(RemoteWebDriver.java:518)
at org.openqa.selenium.remote.ElementLocation$ElementFinder$2.findElement(ElementLocation.java:165)
at org.openqa.selenium.remote.ElementLocation.findElement(ElementLocation.java:59)
at org.openqa.selenium.remote.RemoteWebDriver.findElement(RemoteWebDriver.java:355)
at org.openqa.selenium.remote.RemoteWebDriver.findElement(RemoteWebDriver.java:349)
at com.qa.testcases.PlaceOrderTest.fetchReportSmc(PlaceOrderTest.java:41)
at java.base/java.util.ArrayList.forEach(ArrayList.java:1511)
... Removed 32 stack frames]]>
    </failure>
  </testcase> <!-- fetchReportSmc -->
</testsuite> <!-- browserLaunchAndGenericTest -->
